# JRE version: OpenJDK Runtime Environment (24.0+36) (build 24+36-3646)
# Java VM: OpenJDK 64-Bit Server VM (24+36-3646, mixed mode, sharing, tiered, compressed oops, compressed class ptrs, g1 gc, windows-amd64)
GC Precious Log:
 CardTable entry size: 512
 Card Set container configuration: InlinePtr #cards 4 size 8 Array Of Cards #cards 16 size 48 Howl #buckets 8 coarsen threshold 3686 Howl Bitmap #cards 512 size 80 coarsen threshold 460 Card regions per heap region 1 cards per card region 4096
 CPUs: 14 total, 14 available
 Memory: 15836M
 Large Page Support: Disabled
 NUMA Support: Disabled
 Compressed Oops: Enabled (Zero based)
 Heap Region Size: 2M
 Heap Min Capacity: 8M
 Heap Initial Capacity: 248M
 Heap Max Capacity: 3960M
 Pre-touch: Disabled
 Parallel Workers: 11
 Concurrent Workers: 3
 Concurrent Refinement Workers: 11
 Periodic GC: Disabled
Heap:
 garbage-first heap   total reserved 4055040K, committed 112640K, used 39994K [0x0000000708800000, 0x0000000800000000)
  region size 2048K, 3 young (6144K), 1 survivors (2048K)
 Metaspace       used 26857K, committed 27264K, reserved 1114112K
  class space    used 3483K, committed 3648K, reserved 1048576K
GC Heap History (18 events):
Event: 0.747 GC heap before
{Heap before GC invocations=0 (full 0):
 garbage-first heap   total reserved 4055040K, committed 256000K, used 48240K [0x0000000708800000, 0x0000000800000000)
  region size 2048K, 24 young (49152K), 0 survivors (0K)
 Metaspace       used 5271K, committed 5568K, reserved 1114112K
  class space    used 437K, committed 576K, reserved 1048576K
}
Event: 0.751 GC heap after
{Heap after GC invocations=1 (full 0):
 garbage-first heap   total reserved 4055040K, committed 256000K, used 3853K [0x0000000708800000, 0x0000000800000000)
  region size 2048K, 2 young (4096K), 2 survivors (4096K)
 Metaspace       used 5271K, committed 5568K, reserved 1114112K
  class space    used 437K, committed 576K, reserved 1048576K
}
Event: 4.842 GC heap before
{Heap before GC invocations=1 (full 0):
 garbage-first heap   total reserved 4055040K, committed 256000K, used 89869K [0x0000000708800000, 0x0000000800000000)
  region size 2048K, 45 young (92160K), 2 survivors (4096K)
 Metaspace       used 21250K, committed 21504K, reserved 1114112K
  class space    used 2574K, committed 2688K, reserved 1048576K
}
Event: 4.850 GC heap after
{Heap after GC invocations=2 (full 0):
 garbage-first heap   total reserved 4055040K, committed 256000K, used 17490K [0x0000000708800000, 0x0000000800000000)
  region size 2048K, 7 young (14336K), 7 survivors (14336K)
 Metaspace       used 21250K, committed 21504K, reserved 1114112K
  class space    used 2574K, committed 2688K, reserved 1048576K
}
Event: 11.105 GC heap before
{Heap before GC invocations=3 (full 0):
 garbage-first heap   total reserved 4055040K, committed 61440K, used 60498K [0x0000000708800000, 0x0000000800000000)
  region size 2048K, 28 young (57344K), 7 survivors (14336K)
 Metaspace       used 24745K, committed 25088K, reserved 1114112K
  class space    used 3096K, committed 3264K, reserved 1048576K
}
Event: 11.119 GC heap after
{Heap after GC invocations=4 (full 0):
 garbage-first heap   total reserved 4055040K, committed 86016K, used 25793K [0x0000000708800000, 0x0000000800000000)
  region size 2048K, 5 young (10240K), 5 survivors (10240K)
 Metaspace       used 24745K, committed 25088K, reserved 1114112K
  class space    used 3096K, committed 3264K, reserved 1048576K
}
Event: 48.626 GC heap before
{Heap before GC invocations=4 (full 0):
 garbage-first heap   total reserved 4055040K, committed 86016K, used 68801K [0x0000000708800000, 0x0000000800000000)
  region size 2048K, 21 young (43008K), 5 survivors (10240K)
 Metaspace       used 26808K, committed 27200K, reserved 1114112K
  class space    used 3479K, committed 3648K, reserved 1048576K
}
Event: 48.633 GC heap after
{Heap after GC invocations=5 (full 0):
 garbage-first heap   total reserved 4055040K, committed 88064K, used 34487K [0x0000000708800000, 0x0000000800000000)
  region size 2048K, 3 young (6144K), 3 survivors (6144K)
 Metaspace       used 26808K, committed 27200K, reserved 1114112K
  class space    used 3479K, committed 3648K, reserved 1048576K
}
Event: 48.725 GC heap before
{Heap before GC invocations=5 (full 0):
 garbage-first heap   total reserved 4055040K, committed 88064K, used 42679K [0x0000000708800000, 0x0000000800000000)
  region size 2048K, 4 young (8192K), 3 survivors (6144K)
 Metaspace       used 26820K, committed 27200K, reserved 1114112K
  class space    used 3479K, committed 3648K, reserved 1048576K
}
Event: 48.728 GC heap after
{Heap after GC invocations=6 (full 0):
 garbage-first heap   total reserved 4055040K, committed 88064K, used 34742K [0x0000000708800000, 0x0000000800000000)
  region size 2048K, 1 young (2048K), 1 survivors (2048K)
 Metaspace       used 26820K, committed 27200K, reserved 1114112K
  class space    used 3479K, committed 3648K, reserved 1048576K
}
Event: 48.772 GC heap before
{Heap before GC invocations=6 (full 0):
 garbage-first heap   total reserved 4055040K, committed 88064K, used 38838K [0x0000000708800000, 0x0000000800000000)
  region size 2048K, 2 young (4096K), 1 survivors (2048K)
 Metaspace       used 26823K, committed 27200K, reserved 1114112K
  class space    used 3479K, committed 3648K, reserved 1048576K
}
Event: 48.773 GC heap after
{Heap after GC invocations=7 (full 0):
 garbage-first heap   total reserved 4055040K, committed 88064K, used 34029K [0x0000000708800000, 0x0000000800000000)
  region size 2048K, 1 young (2048K), 1 survivors (2048K)
 Metaspace       used 26823K, committed 27200K, reserved 1114112K
  class space    used 3479K, committed 3648K, reserved 1048576K
}
Event: 48.820 GC heap before
{Heap before GC invocations=7 (full 0):
 garbage-first heap   total reserved 4055040K, committed 88064K, used 38125K [0x0000000708800000, 0x0000000800000000)
  region size 2048K, 2 young (4096K), 1 survivors (2048K)
 Metaspace       used 26824K, committed 27200K, reserved 1114112K
  class space    used 3479K, committed 3648K, reserved 1048576K
}
Event: 48.823 GC heap after
{Heap after GC invocations=8 (full 0):
 garbage-first heap   total reserved 4055040K, committed 88064K, used 33879K [0x0000000708800000, 0x0000000800000000)
  region size 2048K, 1 young (2048K), 1 survivors (2048K)
 Metaspace       used 26824K, committed 27200K, reserved 1114112K
  class space    used 3479K, committed 3648K, reserved 1048576K
}
Event: 48.865 GC heap before
{Heap before GC invocations=8 (full 0):
 garbage-first heap   total reserved 4055040K, committed 88064K, used 37975K [0x0000000708800000, 0x0000000800000000)
  region size 2048K, 2 young (4096K), 1 survivors (2048K)
 Metaspace       used 26825K, committed 27200K, reserved 1114112K
  class space    used 3479K, committed 3648K, reserved 1048576K
}
Event: 48.866 GC heap after
{Heap after GC invocations=9 (full 0):
 garbage-first heap   total reserved 4055040K, committed 88064K, used 33853K [0x0000000708800000, 0x0000000800000000)
  region size 2048K, 1 young (2048K), 1 survivors (2048K)
 Metaspace       used 26825K, committed 27200K, reserved 1114112K
  class space    used 3479K, committed 3648K, reserved 1048576K
}
Event: 49.692 GC heap before
{Heap before GC invocations=9 (full 0):
 garbage-first heap   total reserved 4055040K, committed 88064K, used 37949K [0x0000000708800000, 0x0000000800000000)
  region size 2048K, 2 young (4096K), 1 survivors (2048K)
 Metaspace       used 26826K, committed 27200K, reserved 1114112K
  class space    used 3479K, committed 3648K, reserved 1048576K
}
Event: 49.693 GC heap after
{Heap after GC invocations=10 (full 0):
 garbage-first heap   total reserved 4055040K, committed 112640K, used 33850K [0x0000000708800000, 0x0000000800000000)
  region size 2048K, 1 young (2048K), 1 survivors (2048K)
 Metaspace       used 26826K, committed 27200K, reserved 1114112K
  class space    used 3479K, committed 3648K, reserved 1048576K
}

